<?xml version="1.0" encoding="UTF-8"?>
<testsuite xmlns:xsi="http://www.w3.org/2001/XMLSchema-instance" xsi:noNamespaceSchemaLocation="https://maven.apache.org/surefire/maven-surefire-plugin/xsd/surefire-test-report.xsd" name="cn.cobight.AppTest" time="0.022" tests="1" errors="0" skipped="0" failures="0">
  <properties>
    <property name="sun.desktop" value="windows"/>
    <property name="awt.toolkit" value="sun.awt.windows.WToolkit"/>
    <property name="file.encoding.pkg" value="sun.io"/>
    <property name="java.specification.version" value="1.8"/>
    <property name="sun.cpu.isalist" value="amd64"/>
    <property name="sun.jnu.encoding" value="GBK"/>
    <property name="java.class.path" value="F:\JAVA\BiliDonwLoad\target\test-classes;F:\JAVA\BiliDonwLoad\target\classes;D:\Maven363\localware\junit\junit\4.11\junit-4.11.jar;D:\Maven363\localware\org\hamcrest\hamcrest-core\1.3\hamcrest-core-1.3.jar;D:\Maven363\localware\com\jayway\jsonpath\json-path\2.3.0\json-path-2.3.0.jar;D:\Maven363\localware\net\minidev\json-smart\2.3\json-smart-2.3.jar;D:\Maven363\localware\net\minidev\accessors-smart\1.2\accessors-smart-1.2.jar;D:\Maven363\localware\org\ow2\asm\asm\5.0.4\asm-5.0.4.jar;D:\Maven363\localware\org\slf4j\slf4j-api\1.7.25\slf4j-api-1.7.25.jar;"/>
    <property name="java.vm.vendor" value="Oracle Corporation"/>
    <property name="sun.arch.data.model" value="64"/>
    <property name="user.variant" value=""/>
    <property name="java.vendor.url" value="http://java.oracle.com/"/>
    <property name="user.timezone" value="GMT+08:00"/>
    <property name="java.vm.specification.version" value="1.8"/>
    <property name="os.name" value="Windows 10"/>
    <property name="user.country" value="CN"/>
    <property name="sun.java.launcher" value="SUN_STANDARD"/>
    <property name="sun.boot.library.path" value="D:\javajdk180_161\jre\bin"/>
    <property name="sun.java.command" value="C:\Users\GL6212~1\AppData\Local\Temp\surefire3432442331304076940\surefirebooter6852615655883469399.jar C:\Users\GL62 1252\AppData\Local\Temp\surefire3432442331304076940 2020-09-08T09-24-05_519-jvmRun1 surefire1477438675735206855tmp surefire_03352298731552383719tmp"/>
    <property name="surefire.test.class.path" value="F:\JAVA\BiliDonwLoad\target\test-classes;F:\JAVA\BiliDonwLoad\target\classes;D:\Maven363\localware\junit\junit\4.11\junit-4.11.jar;D:\Maven363\localware\org\hamcrest\hamcrest-core\1.3\hamcrest-core-1.3.jar;D:\Maven363\localware\com\jayway\jsonpath\json-path\2.3.0\json-path-2.3.0.jar;D:\Maven363\localware\net\minidev\json-smart\2.3\json-smart-2.3.jar;D:\Maven363\localware\net\minidev\accessors-smart\1.2\accessors-smart-1.2.jar;D:\Maven363\localware\org\ow2\asm\asm\5.0.4\asm-5.0.4.jar;D:\Maven363\localware\org\slf4j\slf4j-api\1.7.25\slf4j-api-1.7.25.jar;"/>
    <property name="sun.cpu.endian" value="little"/>
    <property name="user.home" value="C:\Users\GL62 1252"/>
    <property name="user.language" value="zh"/>
    <property name="java.specification.vendor" value="Oracle Corporation"/>
    <property name="java.home" value="D:\javajdk180_161\jre"/>
    <property name="basedir" value="F:\JAVA\BiliDonwLoad"/>
    <property name="file.separator" value="\"/>
    <property name="line.separator" value="&#10;"/>
    <property name="java.vm.specification.vendor" value="Oracle Corporation"/>
    <property name="java.specification.name" value="Java Platform API Specification"/>
    <property name="java.awt.graphicsenv" value="sun.awt.Win32GraphicsEnvironment"/>
    <property name="surefire.real.class.path" value="C:\Users\GL6212~1\AppData\Local\Temp\surefire3432442331304076940\surefirebooter6852615655883469399.jar"/>
    <property name="sun.boot.class.path" value="D:\javajdk180_161\jre\lib\resources.jar;D:\javajdk180_161\jre\lib\rt.jar;D:\javajdk180_161\jre\lib\sunrsasign.jar;D:\javajdk180_161\jre\lib\jsse.jar;D:\javajdk180_161\jre\lib\jce.jar;D:\javajdk180_161\jre\lib\charsets.jar;D:\javajdk180_161\jre\lib\jfr.jar;D:\javajdk180_161\jre\classes"/>
    <property name="user.script" value=""/>
    <property name="sun.management.compiler" value="HotSpot 64-Bit Tiered Compilers"/>
    <property name="java.runtime.version" value="1.8.0_161-b12"/>
    <property name="user.name" value="GL62 1252"/>
    <property name="path.separator" value=";"/>
    <property name="os.version" value="10.0"/>
    <property name="java.endorsed.dirs" value="D:\javajdk180_161\jre\lib\endorsed"/>
    <property name="java.runtime.name" value="Java(TM) SE Runtime Environment"/>
    <property name="file.encoding" value="GBK"/>
    <property name="java.vm.name" value="Java HotSpot(TM) 64-Bit Server VM"/>
    <property name="localRepository" value="D:\Maven363\localware"/>
    <property name="java.vendor.url.bug" value="http://bugreport.sun.com/bugreport/"/>
    <property name="java.io.tmpdir" value="C:\Users\GL6212~1\AppData\Local\Temp\"/>
    <property name="java.version" value="1.8.0_161"/>
    <property name="user.dir" value="F:\JAVA\BiliDonwLoad"/>
    <property name="os.arch" value="amd64"/>
    <property name="java.vm.specification.name" value="Java Virtual Machine Specification"/>
    <property name="java.awt.printerjob" value="sun.awt.windows.WPrinterJob"/>
    <property name="sun.os.patch.level" value=""/>
    <property name="idea.version2019.3.3" value="true"/>
    <property name="java.library.path" value="D:\javajdk180_161\jre\bin;C:\WINDOWS\Sun\Java\bin;C:\WINDOWS\system32;C:\WINDOWS;D:\OricalDataBase\product\11.1.0\db_2\bin;C:\ProgramData\Oracle\Java\javapath;C:\Program Files (x86)\Common Files\Intel\Shared Libraries\redist\intel64\compiler;C:\ProgramData\Oracle\Java\javapath;C:\Program Files\Microsoft MPI\Bin\;C:\Program Files (x86)\Intel\iCLS Client\;C:\Program Files\Intel\iCLS Client\;C:\Windows\system32;C:\Windows;C:\Windows\System32\Wbem;C:\Windows\System32\WindowsPowerShell\v1.0\;C:\Program Files (x86)\NVIDIA Corporation\PhysX\Common;C:\Program Files (x86)\Intel\Intel(R) Management Engine Components\DAL;C:\Program Files\Intel\Intel(R) Management Engine Components\DAL;C:\Program Files (x86)\Intel\Intel(R) Management Engine Components\IPT;C:\Program Files\Intel\Intel(R) Management Engine Components\IPT;D:\javajdk180_161\bin;D:\javajdk180_161\jre\bin;C:\Program Files\dotnet\;C:\Program Files\Microsoft SQL Server\130\Tools\Binn\;C:\WINDOWS\system32;C:\WINDOWS;C:\WINDOWS\System32\Wbem;C:\WINDOWS\System32\WindowsPowerShell\v1.0\;C:\WINDOWS\System32\OpenSSH\;D:\WORK_mysql\mysql-8.0.12-winx64\mysql-8.0.12-winx64\bin;C:\Program Files (x86)\Tesseract-OCR;C:\Program Files\NVIDIA Corporation\NVIDIA NvDLISR;F:\ffmpeg-4.1\ffmpeg\bin;C:\Program Files\Intel\WiFi\bin\;C:\Program Files\Common Files\Intel\WirelessCommon\;C:\Program Files\Mozilla Firefox;D:\GitHubDeskTop\tortoisegit\bin;D:\GitHubDeskTop\GIT\Git\cmd;D:\Maven363\apache-maven-3.6.3\bin;C:\Program Files\Microsoft VS Code\bin;D:\WORK_mysql\Redis-x64-5.0.9;F:\tomcat8\apache-tomcat-9.0.30-windows-x64\apache-tomcat-9.0.30\bin;D:\SVN\bin;D:\GitHubDeskTop\TortoiseSVN\bin;C:\Users\GL62 1252\AppData\Local\Microsoft\WindowsApps;C:\Users\GL62 1252\AppData\Local\Tesseract-OCR;D:\IntelliJ_Idea\install\IntelliJ IDEA Community Edition 2019.3.1\bin;D:\IntelliJ_Idea\install\IntelliJ IDEA 2019.3.1\bin;D:\Python\pdk32\;D:\Python\pdk32\Scripts\;D:\Python\pdk\;D:\Python\pdk\Scripts\;C:\Users\GL62 1252\AppData\Local\GitHubDesktop\bin;D:\IntelliJ_Idea\install\IntelliJ IDEA 2019.3.3\bin;&quot;%PyCharm Community Edition%;D:\Python\Pychram\PyCharm 2020.1.1\bin&quot;;C:\Users\GL62 1252\AppData\Local\Microsoft\WindowsApps;C:\Users\GL62 1252\AppData\Local\Tesseract-OCR;D:\IntelliJ_Idea\install\IntelliJ IDEA Community Edition 2019.3.1\bin;D:\IntelliJ_Idea\install\IntelliJ IDEA 2019.3.1\bin;D:\Python\pdk32\;D:\Python\pdk32\Scripts\;D:\Python\pdk\;D:\Python\pdk\Scripts\;C:\Users\GL62 1252\AppData\Local\GitHubDesktop\bin;C:\Program Files\Intel\WiFi\bin\;C:\Program Files\Common Files\Intel\WirelessCommon\;C:\Program Files\Mozilla Firefox;D:\IntelliJ_Idea\install\IntelliJ IDEA 2019.3.3\bin;;%PyCharm Community Edition%;D:\Python\Pychram\PyCharm 2020.1.1\bin;;;."/>
    <property name="java.vm.info" value="mixed mode"/>
    <property name="java.vendor" value="Oracle Corporation"/>
    <property name="java.vm.version" value="25.161-b12"/>
    <property name="java.ext.dirs" value="D:\javajdk180_161\jre\lib\ext;C:\WINDOWS\Sun\Java\lib\ext"/>
    <property name="sun.io.unicode.encoding" value="UnicodeLittle"/>
    <property name="maven.repo.local" value="D:\Maven363\localware"/>
    <property name="java.class.version" value="52.0"/>
  </properties>
  <testcase name="shouldAnswerWithTrue" classname="cn.cobight.AppTest" time="0.002"/>
</testsuite>